<?xml version="1.0" encoding="UTF-8"?>
<testng-results skipped="0" failed="0" total="3" passed="3">
  <reporter-output>
  </reporter-output>
  <suite name="Default suite" duration-ms="127152" started-at="2020-05-16T09:58:48Z" finished-at="2020-05-16T10:00:55Z">
    <groups>
    </groups>
    <test name="Default test" duration-ms="127152" started-at="2020-05-16T09:58:48Z" finished-at="2020-05-16T10:00:55Z">
      <class name="com.training.sanity.tests.RealEstateAddRegionPropertyTC48">
        <test-method status="PASS" signature="setUpBeforeClass()[pri:0, instance:com.training.sanity.tests.RealEstateAddRegionPropertyTC48@58651fd0]" name="setUpBeforeClass" is-config="true" duration-ms="19" started-at="2020-05-16T15:28:48Z" finished-at="2020-05-16T15:28:48Z">
          <reporter-output>
          </reporter-output>
        </test-method> <!-- setUpBeforeClass -->
        <test-method status="PASS" signature="setUp()[pri:0, instance:com.training.sanity.tests.RealEstateAddRegionPropertyTC48@58651fd0]" name="setUp" is-config="true" duration-ms="37419" started-at="2020-05-16T15:28:48Z" finished-at="2020-05-16T15:29:25Z">
          <reporter-output>
          </reporter-output>
        </test-method> <!-- setUp -->
        <test-method status="PASS" signature="ValidateLoginTest()[pri:0, instance:com.training.sanity.tests.RealEstateAddRegionPropertyTC48@58651fd0]" name="ValidateLoginTest" duration-ms="5959" started-at="2020-05-16T15:29:25Z" finished-at="2020-05-16T15:29:31Z">
          <reporter-output>
          </reporter-output>
        </test-method> <!-- ValidateLoginTest -->
        <test-method status="PASS" signature="ValidateNewProperty()[pri:0, instance:com.training.sanity.tests.RealEstateAddRegionPropertyTC48@58651fd0]" name="ValidateNewProperty" duration-ms="72877" started-at="2020-05-16T15:29:31Z" finished-at="2020-05-16T15:30:44Z">
          <reporter-output>
          </reporter-output>
        </test-method> <!-- ValidateNewProperty -->
        <test-method status="PASS" signature="LogOutTest()[pri:0, instance:com.training.sanity.tests.RealEstateAddRegionPropertyTC48@58651fd0]" name="LogOutTest" duration-ms="9154" started-at="2020-05-16T15:30:44Z" finished-at="2020-05-16T15:30:53Z">
          <reporter-output>
          </reporter-output>
        </test-method> <!-- LogOutTest -->
        <test-method status="PASS" signature="tearDown()[pri:0, instance:com.training.sanity.tests.RealEstateAddRegionPropertyTC48@58651fd0]" name="tearDown" is-config="true" duration-ms="1707" started-at="2020-05-16T15:30:53Z" finished-at="2020-05-16T15:30:55Z">
          <reporter-output>
          </reporter-output>
        </test-method> <!-- tearDown -->
      </class> <!-- com.training.sanity.tests.RealEstateAddRegionPropertyTC48 -->
    </test> <!-- Default test -->
  </suite> <!-- Default suite -->
</testng-results>
