<?xml version="1.0" encoding="UTF-8"?>
<!-- Generated by org.testng.reporters.JUnitXMLReporter -->
<testsuite hostname="DESKTOP-F8M8PD6" name="Default test" tests="3" failures="0" timestamp="16 May 2020 10:00:55 GMT" time="127.152" errors="0">
  <testcase name="ValidateLoginTest" time="5.959" classname="com.training.sanity.tests.RealEstateAddRegionPropertyTC48"/>
  <testcase name="ValidateNewProperty" time="72.877" classname="com.training.sanity.tests.RealEstateAddRegionPropertyTC48"/>
  <testcase name="LogOutTest" time="9.154" classname="com.training.sanity.tests.RealEstateAddRegionPropertyTC48"/>
</testsuite> <!-- Default test -->
